<?xml version="1.0" encoding="UTF-8"?>
<!-- Generated by org.testng.reporters.JUnitXMLReporter -->
<testsuite ignored="0" hostname="DESKTOP-36RTCA4" failures="0" tests="2" name="Default test" time="15.142" errors="0" timestamp="2024-12-10T17:47:12 IST">
  <testcase classname="com.ecommerce.test.EcommerceValidation" name="verifyErrorMessage" time="1.132"/>
  <testcase classname="com.ecommerce.test.EcommerceValidation" name="verifySingleItemSelection" time="6.233"/>
</testsuite> <!-- Default test -->
