<?xml version="1.0" encoding="UTF-8"?>
<!-- Generated by org.testng.reporters.JUnitXMLReporter -->
<testsuite ignored="0" hostname="DESKTOP-36RTCA4" failures="0" tests="4" name="Test" time="50.696" errors="0" timestamp="2024-12-15T15:40:18 IST">
  <testcase classname="com.ecommerce.test.EcommerceValidation" name="verifyErrorMessage" time="1.272"/>
  <testcase classname="com.ecommerce.test.EcommerceValidation" name="verifyMultipleItemSelection" time="11.336"/>
  <testcase classname="com.ecommerce.test.EcommerceValidation" name="verifyMultipleItemSelection" time="8.335"/>
  <testcase classname="com.ecommerce.test.EcommerceValidation" name="verifySingleItemSelection" time="5.652"/>
</testsuite> <!-- Test -->
