<?xml version="1.0" encoding="UTF-8"?>
<!-- Generated by org.testng.reporters.JUnitXMLReporter -->
<testsuite ignored="0" hostname="DESKTOP-36RTCA4" failures="0" tests="4" name="Test" time="98.105" errors="0" timestamp="2025-01-12T15:20:36 IST">
  <testcase classname="com.ecommerce.test.EcommerceValidation" name="verifyErrorMessage" time="1.119"/>
  <testcase classname="com.ecommerce.test.EcommerceValidation" name="verifyMultipleItemSelection" time="10.722"/>
  <testcase classname="com.ecommerce.test.EcommerceValidation" name="verifyMultipleItemSelection" time="9.251"/>
  <testcase classname="com.ecommerce.test.EcommerceValidation" name="verifySingleItemSelection" time="6.747"/>
</testsuite> <!-- Test -->
