<?xml version="1.0" encoding="UTF-8"?>
<testng-results ignored="0" total="4" passed="4" failed="0" skipped="0">
  <reporter-output>
  </reporter-output>
  <suite started-at="2025-01-12T15:18:58 IST" name="Suite" finished-at="2025-01-12T15:20:36 IST" duration-ms="98105">
    <groups>
      <group name="Negative Test">
        <method signature="EcommerceValidation.verifyErrorMessage()[pri:0, instance:com.ecommerce.test.EcommerceValidation@740d2e78]" name="verifyErrorMessage" class="com.ecommerce.test.EcommerceValidation"/>
      </group> <!-- Negative Test -->
    </groups>
    <test started-at="2025-01-12T15:18:58 IST" name="Test" finished-at="2025-01-12T15:20:36 IST" duration-ms="98105">
      <class name="com.ecommerce.test.EcommerceValidation">
        <test-method is-config="true" signature="launchApplication()[pri:0, instance:com.ecommerce.test.EcommerceValidation@740d2e78]" started-at="2025-01-12T15:18:58 IST" name="launchApplication" finished-at="2025-01-12T15:19:47 IST" duration-ms="49236" status="PASS">
          <reporter-output>
          </reporter-output>
        </test-method> <!-- launchApplication -->
        <test-method signature="verifyErrorMessage()[pri:0, instance:com.ecommerce.test.EcommerceValidation@740d2e78]" started-at="2025-01-12T15:19:47 IST" name="verifyErrorMessage" finished-at="2025-01-12T15:19:48 IST" duration-ms="1119" status="PASS">
          <reporter-output>
          </reporter-output>
        </test-method> <!-- verifyErrorMessage -->
        <test-method is-config="true" signature="tearDown()[pri:0, instance:com.ecommerce.test.EcommerceValidation@740d2e78]" started-at="2025-01-12T15:19:48 IST" name="tearDown" finished-at="2025-01-12T15:19:49 IST" duration-ms="929" status="PASS">
          <reporter-output>
          </reporter-output>
        </test-method> <!-- tearDown -->
        <test-method is-config="true" signature="launchApplication()[pri:0, instance:com.ecommerce.test.EcommerceValidation@740d2e78]" started-at="2025-01-12T15:19:50 IST" name="launchApplication" finished-at="2025-01-12T15:19:56 IST" duration-ms="5602" status="PASS">
          <reporter-output>
          </reporter-output>
        </test-method> <!-- launchApplication -->
        <test-method signature="verifyMultipleItemSelection(java.util.ArrayList)[pri:0, instance:com.ecommerce.test.EcommerceValidation@740d2e78]" started-at="2025-01-12T15:19:56 IST" name="verifyMultipleItemSelection" data-provider="getData" finished-at="2025-01-12T15:20:07 IST" duration-ms="10722" status="PASS">
          <params>
            <param index="0">
              <value>
                <![CDATA[[ADIDAS ORIGINAL, IPHONE 13 PRO]]]>
              </value>
            </param>
          </params>
          <reporter-output>
          </reporter-output>
        </test-method> <!-- verifyMultipleItemSelection -->
        <test-method is-config="true" signature="tearDown()[pri:0, instance:com.ecommerce.test.EcommerceValidation@740d2e78]" started-at="2025-01-12T15:20:07 IST" name="tearDown" finished-at="2025-01-12T15:20:07 IST" duration-ms="631" status="PASS">
          <reporter-output>
          </reporter-output>
        </test-method> <!-- tearDown -->
        <test-method is-config="true" signature="launchApplication()[pri:0, instance:com.ecommerce.test.EcommerceValidation@740d2e78]" started-at="2025-01-12T15:20:07 IST" name="launchApplication" finished-at="2025-01-12T15:20:15 IST" duration-ms="7916" status="PASS">
          <reporter-output>
          </reporter-output>
        </test-method> <!-- launchApplication -->
        <test-method signature="verifyMultipleItemSelection(java.util.ArrayList)[pri:0, instance:com.ecommerce.test.EcommerceValidation@740d2e78]" started-at="2025-01-12T15:20:15 IST" name="verifyMultipleItemSelection" data-provider="getData" finished-at="2025-01-12T15:20:24 IST" duration-ms="9251" status="PASS">
          <params>
            <param index="0">
              <value>
                <![CDATA[[ADIDAS ORIGINAL, IPHONE 13 PRO]]]>
              </value>
            </param>
          </params>
          <reporter-output>
          </reporter-output>
        </test-method> <!-- verifyMultipleItemSelection -->
        <test-method is-config="true" signature="tearDown()[pri:0, instance:com.ecommerce.test.EcommerceValidation@740d2e78]" started-at="2025-01-12T15:20:25 IST" name="tearDown" finished-at="2025-01-12T15:20:25 IST" duration-ms="292" status="PASS">
          <reporter-output>
          </reporter-output>
        </test-method> <!-- tearDown -->
        <test-method is-config="true" signature="launchApplication()[pri:0, instance:com.ecommerce.test.EcommerceValidation@740d2e78]" started-at="2025-01-12T15:20:25 IST" name="launchApplication" finished-at="2025-01-12T15:20:29 IST" duration-ms="3638" status="PASS">
          <reporter-output>
          </reporter-output>
        </test-method> <!-- launchApplication -->
        <test-method signature="verifySingleItemSelection()[pri:0, instance:com.ecommerce.test.EcommerceValidation@740d2e78]" started-at="2025-01-12T15:20:29 IST" name="verifySingleItemSelection" finished-at="2025-01-12T15:20:35 IST" duration-ms="6747" status="PASS">
          <reporter-output>
          </reporter-output>
        </test-method> <!-- verifySingleItemSelection -->
        <test-method is-config="true" signature="tearDown()[pri:0, instance:com.ecommerce.test.EcommerceValidation@740d2e78]" started-at="2025-01-12T15:20:36 IST" name="tearDown" finished-at="2025-01-12T15:20:36 IST" duration-ms="237" status="PASS">
          <reporter-output>
          </reporter-output>
        </test-method> <!-- tearDown -->
      </class> <!-- com.ecommerce.test.EcommerceValidation -->
    </test> <!-- Test -->
  </suite> <!-- Suite -->
</testng-results>
