<?xml version="1.0" encoding="UTF-8"?>
<testng-results ignored="0" total="4" passed="4" failed="0" skipped="0">
  <reporter-output>
  </reporter-output>
  <suite started-at="2024-12-15T15:39:27 IST" name="Suite" finished-at="2024-12-15T15:40:18 IST" duration-ms="50696">
    <groups>
      <group name="Negative Test">
        <method signature="EcommerceValidation.verifyErrorMessage()[pri:0, instance:com.ecommerce.test.EcommerceValidation@740d2e78]" name="verifyErrorMessage" class="com.ecommerce.test.EcommerceValidation"/>
      </group> <!-- Negative Test -->
    </groups>
    <test started-at="2024-12-15T15:39:27 IST" name="Test" finished-at="2024-12-15T15:40:18 IST" duration-ms="50696">
      <class name="com.ecommerce.test.EcommerceValidation">
        <test-method is-config="true" signature="launchApplication()[pri:0, instance:com.ecommerce.test.EcommerceValidation@740d2e78]" started-at="2024-12-15T15:39:28 IST" name="launchApplication" finished-at="2024-12-15T15:39:40 IST" duration-ms="12484" status="PASS">
          <reporter-output>
          </reporter-output>
        </test-method> <!-- launchApplication -->
        <test-method signature="verifyErrorMessage()[pri:0, instance:com.ecommerce.test.EcommerceValidation@740d2e78]" started-at="2024-12-15T15:39:40 IST" name="verifyErrorMessage" finished-at="2024-12-15T15:39:41 IST" duration-ms="1272" status="PASS">
          <reporter-output>
          </reporter-output>
        </test-method> <!-- verifyErrorMessage -->
        <test-method is-config="true" signature="tearDown()[pri:0, instance:com.ecommerce.test.EcommerceValidation@740d2e78]" started-at="2024-12-15T15:39:42 IST" name="tearDown" finished-at="2024-12-15T15:39:42 IST" duration-ms="371" status="PASS">
          <reporter-output>
          </reporter-output>
        </test-method> <!-- tearDown -->
        <test-method is-config="true" signature="launchApplication()[pri:0, instance:com.ecommerce.test.EcommerceValidation@740d2e78]" started-at="2024-12-15T15:39:43 IST" name="launchApplication" finished-at="2024-12-15T15:39:46 IST" duration-ms="2754" status="PASS">
          <reporter-output>
          </reporter-output>
        </test-method> <!-- launchApplication -->
        <test-method signature="verifyMultipleItemSelection(java.util.ArrayList)[pri:0, instance:com.ecommerce.test.EcommerceValidation@740d2e78]" started-at="2024-12-15T15:39:46 IST" name="verifyMultipleItemSelection" data-provider="getData" finished-at="2024-12-15T15:39:57 IST" duration-ms="11336" status="PASS">
          <params>
            <param index="0">
              <value>
                <![CDATA[[ADIDAS ORIGINAL, ZARA COAT 3, IPHONE 13 PRO]]]>
              </value>
            </param>
          </params>
          <reporter-output>
          </reporter-output>
        </test-method> <!-- verifyMultipleItemSelection -->
        <test-method is-config="true" signature="tearDown()[pri:0, instance:com.ecommerce.test.EcommerceValidation@740d2e78]" started-at="2024-12-15T15:39:57 IST" name="tearDown" finished-at="2024-12-15T15:39:57 IST" duration-ms="339" status="PASS">
          <reporter-output>
          </reporter-output>
        </test-method> <!-- tearDown -->
        <test-method is-config="true" signature="launchApplication()[pri:0, instance:com.ecommerce.test.EcommerceValidation@740d2e78]" started-at="2024-12-15T15:39:57 IST" name="launchApplication" finished-at="2024-12-15T15:40:00 IST" duration-ms="2296" status="PASS">
          <reporter-output>
          </reporter-output>
        </test-method> <!-- launchApplication -->
        <test-method signature="verifyMultipleItemSelection(java.util.ArrayList)[pri:0, instance:com.ecommerce.test.EcommerceValidation@740d2e78]" started-at="2024-12-15T15:40:00 IST" name="verifyMultipleItemSelection" data-provider="getData" finished-at="2024-12-15T15:40:08 IST" duration-ms="8335" status="PASS">
          <params>
            <param index="0">
              <value>
                <![CDATA[[ADIDAS ORIGINAL, IPHONE 13 PRO]]]>
              </value>
            </param>
          </params>
          <reporter-output>
          </reporter-output>
        </test-method> <!-- verifyMultipleItemSelection -->
        <test-method is-config="true" signature="tearDown()[pri:0, instance:com.ecommerce.test.EcommerceValidation@740d2e78]" started-at="2024-12-15T15:40:08 IST" name="tearDown" finished-at="2024-12-15T15:40:09 IST" duration-ms="297" status="PASS">
          <reporter-output>
          </reporter-output>
        </test-method> <!-- tearDown -->
        <test-method is-config="true" signature="launchApplication()[pri:0, instance:com.ecommerce.test.EcommerceValidation@740d2e78]" started-at="2024-12-15T15:40:09 IST" name="launchApplication" finished-at="2024-12-15T15:40:12 IST" duration-ms="3518" status="PASS">
          <reporter-output>
          </reporter-output>
        </test-method> <!-- launchApplication -->
        <test-method signature="verifySingleItemSelection()[pri:0, instance:com.ecommerce.test.EcommerceValidation@740d2e78]" started-at="2024-12-15T15:40:12 IST" name="verifySingleItemSelection" finished-at="2024-12-15T15:40:18 IST" duration-ms="5652" status="PASS">
          <reporter-output>
          </reporter-output>
        </test-method> <!-- verifySingleItemSelection -->
        <test-method is-config="true" signature="tearDown()[pri:0, instance:com.ecommerce.test.EcommerceValidation@740d2e78]" started-at="2024-12-15T15:40:18 IST" name="tearDown" finished-at="2024-12-15T15:40:18 IST" duration-ms="272" status="PASS">
          <reporter-output>
          </reporter-output>
        </test-method> <!-- tearDown -->
      </class> <!-- com.ecommerce.test.EcommerceValidation -->
    </test> <!-- Test -->
  </suite> <!-- Suite -->
</testng-results>
